

Started GET "/" for 109.238.244.74 at 2015-12-22 12:14:30 +0000
Cannot render console from 109.238.244.74! Allowed networks: 127.0.0.1, ::1, 127.0.0.0/127.255.255.255
Processing by RecipiesController#index as HTML
Completed 500 Internal Server Error in 37ms (ActiveRecord: 0.0ms)

NameError (uninitialized constant RecipiesController::Recipe):
  app/controllers/recipies_controller.rb:4:in `index'


  Rendered /usr/local/rvm/gems/ruby-2.1.4@rails4/gems/actionpack-4.2.4/lib/action_dispatch/middleware/templates/rescues/_source.erb (8.1ms)
  Rendered /usr/local/rvm/gems/ruby-2.1.4@rails4/gems/actionpack-4.2.4/lib/action_dispatch/middleware/templates/rescues/_trace.html.erb (2.9ms)
  Rendered /usr/local/rvm/gems/ruby-2.1.4@rails4/gems/actionpack-4.2.4/lib/action_dispatch/middleware/templates/rescues/_request_and_response.html.erb (1.7ms)
  Rendered /usr/local/rvm/gems/ruby-2.1.4@rails4/gems/actionpack-4.2.4/lib/action_dispatch/middleware/templates/rescues/diagnostics.html.erb within rescues/layout (165.9ms)


Started GET "/" for 109.238.244.74 at 2015-12-22 12:20:41 +0000
Cannot render console from 109.238.244.74! Allowed networks: 127.0.0.1, ::1, 127.0.0.0/127.255.255.255
Processing by RecipiesController#index as HTML
  Rendered recipies/index.html.erb within layouts/application (20.4ms)
Completed 500 Internal Server Error in 74ms (ActiveRecord: 0.0ms)

ActionView::Template::Error (undefined method `each' for nil:NilClass):
    4:     <th>Title</th>
    5:     <th>Soical rank of the recipe</th>
    6:   <tr>
    7:   <% @recipes.each do |recipe| %>
    8:     <tr>
    9:       <td><%= link_to(image_tag(recipe["image_url"], height: '100', width: '100'),recipe["source_url"]) %></td>
   10:       <td><%= link_to(sanitize(recipe["title"]),recipe["source_url"]) %></td>
  app/views/recipies/index.html.erb:7:in `_app_views_recipies_index_html_erb__248637927334695346_54859180'


  Rendered /usr/local/rvm/gems/ruby-2.1.4@rails4/gems/actionpack-4.2.4/lib/action_dispatch/middleware/templates/rescues/_source.erb (13.0ms)
  Rendered /usr/local/rvm/gems/ruby-2.1.4@rails4/gems/actionpack-4.2.4/lib/action_dispatch/middleware/templates/rescues/_trace.html.erb (5.4ms)
  Rendered /usr/local/rvm/gems/ruby-2.1.4@rails4/gems/actionpack-4.2.4/lib/action_dispatch/middleware/templates/rescues/_request_and_response.html.erb (1.5ms)
  Rendered /usr/local/rvm/gems/ruby-2.1.4@rails4/gems/actionpack-4.2.4/lib/action_dispatch/middleware/templates/rescues/template_error.html.erb within rescues/layout (125.1ms)


Started GET "/?search=mocha" for 127.0.0.1 at 2015-12-22 12:21:58 +0000
Processing by RecipiesController#index as HTML
  Parameters: {"search"=>"mocha"}
  Rendered recipies/index.html.erb within layouts/application (2.5ms)
Completed 500 Internal Server Error in 7ms (ActiveRecord: 0.0ms)

ActionView::Template::Error (undefined method `each' for nil:NilClass):
    4:     <th>Title</th>
    5:     <th>Soical rank of the recipe</th>
    6:   <tr>
    7:   <% @recipes.each do |recipe| %>
    8:     <tr>
    9:       <td><%= link_to(image_tag(recipe["image_url"], height: '100', width: '100'),recipe["source_url"]) %></td>
   10:       <td><%= link_to(sanitize(recipe["title"]),recipe["source_url"]) %></td>
  app/views/recipies/index.html.erb:7:in `_app_views_recipies_index_html_erb__248637927334695346_54859180'


  Rendered /usr/local/rvm/gems/ruby-2.1.4@rails4/gems/actionpack-4.2.4/lib/action_dispatch/middleware/templates/rescues/_source.erb (28.4ms)
  Rendered /usr/local/rvm/gems/ruby-2.1.4@rails4/gems/actionpack-4.2.4/lib/action_dispatch/middleware/templates/rescues/_trace.html.erb (3.9ms)
  Rendered /usr/local/rvm/gems/ruby-2.1.4@rails4/gems/actionpack-4.2.4/lib/action_dispatch/middleware/templates/rescues/_request_and_response.html.erb (1.4ms)
  Rendered /usr/local/rvm/gems/ruby-2.1.4@rails4/gems/actionpack-4.2.4/lib/action_dispatch/middleware/templates/rescues/template_error.html.erb within rescues/layout (130.1ms)
  Rendered /usr/local/rvm/gems/ruby-2.1.4@rails4/gems/web-console-2.2.1/lib/web_console/templates/_markup.html.erb (0.9ms)
  Rendered /usr/local/rvm/gems/ruby-2.1.4@rails4/gems/web-console-2.2.1/lib/web_console/templates/_inner_console_markup.html.erb within layouts/inlined_string (0.5ms)
  Rendered /usr/local/rvm/gems/ruby-2.1.4@rails4/gems/web-console-2.2.1/lib/web_console/templates/_prompt_box_markup.html.erb within layouts/inlined_string (0.6ms)
  Rendered /usr/local/rvm/gems/ruby-2.1.4@rails4/gems/web-console-2.2.1/lib/web_console/templates/style.css.erb within layouts/inlined_string (0.6ms)
  Rendered /usr/local/rvm/gems/ruby-2.1.4@rails4/gems/web-console-2.2.1/lib/web_console/templates/console.js.erb within layouts/javascript (119.5ms)
  Rendered /usr/local/rvm/gems/ruby-2.1.4@rails4/gems/web-console-2.2.1/lib/web_console/templates/main.js.erb within layouts/javascript (0.6ms)
  Rendered /usr/local/rvm/gems/ruby-2.1.4@rails4/gems/web-console-2.2.1/lib/web_console/templates/error_page.js.erb within layouts/javascript (0.5ms)
  Rendered /usr/local/rvm/gems/ruby-2.1.4@rails4/gems/web-console-2.2.1/lib/web_console/templates/index.html.erb (274.6ms)


Started GET "/" for 127.0.0.1 at 2015-12-22 12:22:01 +0000
Processing by RecipiesController#index as HTML
  Rendered recipies/index.html.erb within layouts/application (4.6ms)
Completed 500 Internal Server Error in 9ms (ActiveRecord: 0.0ms)

ActionView::Template::Error (undefined method `each' for nil:NilClass):
    4:     <th>Title</th>
    5:     <th>Soical rank of the recipe</th>
    6:   <tr>
    7:   <% @recipes.each do |recipe| %>
    8:     <tr>
    9:       <td><%= link_to(image_tag(recipe["image_url"], height: '100', width: '100'),recipe["source_url"]) %></td>
   10:       <td><%= link_to(sanitize(recipe["title"]),recipe["source_url"]) %></td>
  app/views/recipies/index.html.erb:7:in `_app_views_recipies_index_html_erb__248637927334695346_54859180'


  Rendered /usr/local/rvm/gems/ruby-2.1.4@rails4/gems/actionpack-4.2.4/lib/action_dispatch/middleware/templates/rescues/_source.erb (9.3ms)
  Rendered /usr/local/rvm/gems/ruby-2.1.4@rails4/gems/actionpack-4.2.4/lib/action_dispatch/middleware/templates/rescues/_trace.html.erb (2.8ms)
  Rendered /usr/local/rvm/gems/ruby-2.1.4@rails4/gems/actionpack-4.2.4/lib/action_dispatch/middleware/templates/rescues/_request_and_response.html.erb (1.4ms)
  Rendered /usr/local/rvm/gems/ruby-2.1.4@rails4/gems/actionpack-4.2.4/lib/action_dispatch/middleware/templates/rescues/template_error.html.erb within rescues/layout (87.2ms)
  Rendered /usr/local/rvm/gems/ruby-2.1.4@rails4/gems/web-console-2.2.1/lib/web_console/templates/_markup.html.erb (0.5ms)
  Rendered /usr/local/rvm/gems/ruby-2.1.4@rails4/gems/web-console-2.2.1/lib/web_console/templates/_inner_console_markup.html.erb within layouts/inlined_string (0.5ms)
  Rendered /usr/local/rvm/gems/ruby-2.1.4@rails4/gems/web-console-2.2.1/lib/web_console/templates/_prompt_box_markup.html.erb within layouts/inlined_string (0.6ms)
  Rendered /usr/local/rvm/gems/ruby-2.1.4@rails4/gems/web-console-2.2.1/lib/web_console/templates/style.css.erb within layouts/inlined_string (0.5ms)
  Rendered /usr/local/rvm/gems/ruby-2.1.4@rails4/gems/web-console-2.2.1/lib/web_console/templates/console.js.erb within layouts/javascript (99.1ms)
  Rendered /usr/local/rvm/gems/ruby-2.1.4@rails4/gems/web-console-2.2.1/lib/web_console/templates/main.js.erb within layouts/javascript (0.4ms)
  Rendered /usr/local/rvm/gems/ruby-2.1.4@rails4/gems/web-console-2.2.1/lib/web_console/templates/error_page.js.erb within layouts/javascript (0.7ms)
  Rendered /usr/local/rvm/gems/ruby-2.1.4@rails4/gems/web-console-2.2.1/lib/web_console/templates/index.html.erb (188.7ms)


Started GET "/" for 127.0.0.1 at 2015-12-22 12:22:04 +0000
Processing by RecipiesController#index as HTML
  Rendered recipies/index.html.erb within layouts/application (2.5ms)
Completed 500 Internal Server Error in 7ms (ActiveRecord: 0.0ms)

ActionView::Template::Error (undefined method `each' for nil:NilClass):
    4:     <th>Title</th>
    5:     <th>Soical rank of the recipe</th>
    6:   <tr>
    7:   <% @recipes.each do |recipe| %>
    8:     <tr>
    9:       <td><%= link_to(image_tag(recipe["image_url"], height: '100', width: '100'),recipe["source_url"]) %></td>
   10:       <td><%= link_to(sanitize(recipe["title"]),recipe["source_url"]) %></td>
  app/views/recipies/index.html.erb:7:in `_app_views_recipies_index_html_erb__248637927334695346_54859180'


  Rendered /usr/local/rvm/gems/ruby-2.1.4@rails4/gems/actionpack-4.2.4/lib/action_dispatch/middleware/templates/rescues/_source.erb (14.9ms)
  Rendered /usr/local/rvm/gems/ruby-2.1.4@rails4/gems/actionpack-4.2.4/lib/action_dispatch/middleware/templates/rescues/_trace.html.erb (2.9ms)
  Rendered /usr/local/rvm/gems/ruby-2.1.4@rails4/gems/actionpack-4.2.4/lib/action_dispatch/middleware/templates/rescues/_request_and_response.html.erb (1.1ms)
  Rendered /usr/local/rvm/gems/ruby-2.1.4@rails4/gems/actionpack-4.2.4/lib/action_dispatch/middleware/templates/rescues/template_error.html.erb within rescues/layout (96.6ms)
  Rendered /usr/local/rvm/gems/ruby-2.1.4@rails4/gems/web-console-2.2.1/lib/web_console/templates/_markup.html.erb (0.5ms)
  Rendered /usr/local/rvm/gems/ruby-2.1.4@rails4/gems/web-console-2.2.1/lib/web_console/templates/_inner_console_markup.html.erb within layouts/inlined_string (0.4ms)
  Rendered /usr/local/rvm/gems/ruby-2.1.4@rails4/gems/web-console-2.2.1/lib/web_console/templates/_prompt_box_markup.html.erb within layouts/inlined_string (0.5ms)
  Rendered /usr/local/rvm/gems/ruby-2.1.4@rails4/gems/web-console-2.2.1/lib/web_console/templates/style.css.erb within layouts/inlined_string (0.5ms)
  Rendered /usr/local/rvm/gems/ruby-2.1.4@rails4/gems/web-console-2.2.1/lib/web_console/templates/console.js.erb within layouts/javascript (86.8ms)
  Rendered /usr/local/rvm/gems/ruby-2.1.4@rails4/gems/web-console-2.2.1/lib/web_console/templates/main.js.erb within layouts/javascript (0.5ms)
  Rendered /usr/local/rvm/gems/ruby-2.1.4@rails4/gems/web-console-2.2.1/lib/web_console/templates/error_page.js.erb within layouts/javascript (0.5ms)
  Rendered /usr/local/rvm/gems/ruby-2.1.4@rails4/gems/web-console-2.2.1/lib/web_console/templates/index.html.erb (177.9ms)


Started GET "/" for 127.0.0.1 at 2015-12-22 12:22:06 +0000
Processing by RecipiesController#index as HTML
  Rendered recipies/index.html.erb within layouts/application (3.0ms)
Completed 500 Internal Server Error in 8ms (ActiveRecord: 0.0ms)

ActionView::Template::Error (undefined method `each' for nil:NilClass):
    4:     <th>Title</th>
    5:     <th>Soical rank of the recipe</th>
    6:   <tr>
    7:   <% @recipes.each do |recipe| %>
    8:     <tr>
    9:       <td><%= link_to(image_tag(recipe["image_url"], height: '100', width: '100'),recipe["source_url"]) %></td>
   10:       <td><%= link_to(sanitize(recipe["title"]),recipe["source_url"]) %></td>
  app/views/recipies/index.html.erb:7:in `_app_views_recipies_index_html_erb__248637927334695346_54859180'


  Rendered /usr/local/rvm/gems/ruby-2.1.4@rails4/gems/actionpack-4.2.4/lib/action_dispatch/middleware/templates/rescues/_source.erb (18.4ms)
  Rendered /usr/local/rvm/gems/ruby-2.1.4@rails4/gems/actionpack-4.2.4/lib/action_dispatch/middleware/templates/rescues/_trace.html.erb (2.7ms)
  Rendered /usr/local/rvm/gems/ruby-2.1.4@rails4/gems/actionpack-4.2.4/lib/action_dispatch/middleware/templates/rescues/_request_and_response.html.erb (1.2ms)
  Rendered /usr/local/rvm/gems/ruby-2.1.4@rails4/gems/actionpack-4.2.4/lib/action_dispatch/middleware/templates/rescues/template_error.html.erb within rescues/layout (89.8ms)
  Rendered /usr/local/rvm/gems/ruby-2.1.4@rails4/gems/web-console-2.2.1/lib/web_console/templates/_markup.html.erb (0.6ms)
  Rendered /usr/local/rvm/gems/ruby-2.1.4@rails4/gems/web-console-2.2.1/lib/web_console/templates/_inner_console_markup.html.erb within layouts/inlined_string (0.6ms)
  Rendered /usr/local/rvm/gems/ruby-2.1.4@rails4/gems/web-console-2.2.1/lib/web_console/templates/_prompt_box_markup.html.erb within layouts/inlined_string (0.4ms)
  Rendered /usr/local/rvm/gems/ruby-2.1.4@rails4/gems/web-console-2.2.1/lib/web_console/templates/style.css.erb within layouts/inlined_string (0.6ms)
  Rendered /usr/local/rvm/gems/ruby-2.1.4@rails4/gems/web-console-2.2.1/lib/web_console/templates/console.js.erb within layouts/javascript (83.0ms)
  Rendered /usr/local/rvm/gems/ruby-2.1.4@rails4/gems/web-console-2.2.1/lib/web_console/templates/main.js.erb within layouts/javascript (0.6ms)
  Rendered /usr/local/rvm/gems/ruby-2.1.4@rails4/gems/web-console-2.2.1/lib/web_console/templates/error_page.js.erb within layouts/javascript (0.9ms)
  Rendered /usr/local/rvm/gems/ruby-2.1.4@rails4/gems/web-console-2.2.1/lib/web_console/templates/index.html.erb (187.9ms)


Started GET "/" for 127.0.0.1 at 2015-12-22 12:22:09 +0000
Processing by RecipiesController#index as HTML
  Rendered recipies/index.html.erb within layouts/application (2.2ms)
Completed 500 Internal Server Error in 7ms (ActiveRecord: 0.0ms)

ActionView::Template::Error (undefined method `each' for nil:NilClass):
    4:     <th>Title</th>
    5:     <th>Soical rank of the recipe</th>
    6:   <tr>
    7:   <% @recipes.each do |recipe| %>
    8:     <tr>
    9:       <td><%= link_to(image_tag(recipe["image_url"], height: '100', width: '100'),recipe["source_url"]) %></td>
   10:       <td><%= link_to(sanitize(recipe["title"]),recipe["source_url"]) %></td>
  app/views/recipies/index.html.erb:7:in `_app_views_recipies_index_html_erb__248637927334695346_54859180'


  Rendered /usr/local/rvm/gems/ruby-2.1.4@rails4/gems/actionpack-4.2.4/lib/action_dispatch/middleware/templates/rescues/_source.erb (13.6ms)
  Rendered /usr/local/rvm/gems/ruby-2.1.4@rails4/gems/actionpack-4.2.4/lib/action_dispatch/middleware/templates/rescues/_trace.html.erb (3.5ms)
  Rendered /usr/local/rvm/gems/ruby-2.1.4@rails4/gems/actionpack-4.2.4/lib/action_dispatch/middleware/templates/rescues/_request_and_response.html.erb (1.5ms)
  Rendered /usr/local/rvm/gems/ruby-2.1.4@rails4/gems/actionpack-4.2.4/lib/action_dispatch/middleware/templates/rescues/template_error.html.erb within rescues/layout (104.1ms)
  Rendered /usr/local/rvm/gems/ruby-2.1.4@rails4/gems/web-console-2.2.1/lib/web_console/templates/_markup.html.erb (0.7ms)
  Rendered /usr/local/rvm/gems/ruby-2.1.4@rails4/gems/web-console-2.2.1/lib/web_console/templates/_inner_console_markup.html.erb within layouts/inlined_string (0.4ms)
  Rendered /usr/local/rvm/gems/ruby-2.1.4@rails4/gems/web-console-2.2.1/lib/web_console/templates/_prompt_box_markup.html.erb within layouts/inlined_string (0.5ms)
  Rendered /usr/local/rvm/gems/ruby-2.1.4@rails4/gems/web-console-2.2.1/lib/web_console/templates/style.css.erb within layouts/inlined_string (0.6ms)
  Rendered /usr/local/rvm/gems/ruby-2.1.4@rails4/gems/web-console-2.2.1/lib/web_console/templates/console.js.erb within layouts/javascript (99.2ms)
  Rendered /usr/local/rvm/gems/ruby-2.1.4@rails4/gems/web-console-2.2.1/lib/web_console/templates/main.js.erb within layouts/javascript (0.6ms)
  Rendered /usr/local/rvm/gems/ruby-2.1.4@rails4/gems/web-console-2.2.1/lib/web_console/templates/error_page.js.erb within layouts/javascript (2.2ms)
  Rendered /usr/local/rvm/gems/ruby-2.1.4@rails4/gems/web-console-2.2.1/lib/web_console/templates/index.html.erb (192.8ms)


Started GET "/" for 127.0.0.1 at 2015-12-22 12:22:12 +0000
Processing by RecipiesController#index as HTML
  Rendered recipies/index.html.erb within layouts/application (3.4ms)
Completed 500 Internal Server Error in 9ms (ActiveRecord: 0.0ms)

ActionView::Template::Error (undefined method `each' for nil:NilClass):
    4:     <th>Title</th>
    5:     <th>Soical rank of the recipe</th>
    6:   <tr>
    7:   <% @recipes.each do |recipe| %>
    8:     <tr>
    9:       <td><%= link_to(image_tag(recipe["image_url"], height: '100', width: '100'),recipe["source_url"]) %></td>
   10:       <td><%= link_to(sanitize(recipe["title"]),recipe["source_url"]) %></td>
  app/views/recipies/index.html.erb:7:in `_app_views_recipies_index_html_erb__248637927334695346_54859180'


  Rendered /usr/local/rvm/gems/ruby-2.1.4@rails4/gems/actionpack-4.2.4/lib/action_dispatch/middleware/templates/rescues/_source.erb (15.0ms)
  Rendered /usr/local/rvm/gems/ruby-2.1.4@rails4/gems/actionpack-4.2.4/lib/action_dispatch/middleware/templates/rescues/_trace.html.erb (4.2ms)
  Rendered /usr/local/rvm/gems/ruby-2.1.4@rails4/gems/actionpack-4.2.4/lib/action_dispatch/middleware/templates/rescues/_request_and_response.html.erb (1.4ms)
  Rendered /usr/local/rvm/gems/ruby-2.1.4@rails4/gems/actionpack-4.2.4/lib/action_dispatch/middleware/templates/rescues/template_error.html.erb within rescues/layout (106.1ms)
  Rendered /usr/local/rvm/gems/ruby-2.1.4@rails4/gems/web-console-2.2.1/lib/web_console/templates/_markup.html.erb (0.6ms)
  Rendered /usr/local/rvm/gems/ruby-2.1.4@rails4/gems/web-console-2.2.1/lib/web_console/templates/_inner_console_markup.html.erb within layouts/inlined_string (0.7ms)
  Rendered /usr/local/rvm/gems/ruby-2.1.4@rails4/gems/web-console-2.2.1/lib/web_console/templates/_prompt_box_markup.html.erb within layouts/inlined_string (0.7ms)
  Rendered /usr/local/rvm/gems/ruby-2.1.4@rails4/gems/web-console-2.2.1/lib/web_console/templates/style.css.erb within layouts/inlined_string (0.7ms)
  Rendered /usr/local/rvm/gems/ruby-2.1.4@rails4/gems/web-console-2.2.1/lib/web_console/templates/console.js.erb within layouts/javascript (98.4ms)
  Rendered /usr/local/rvm/gems/ruby-2.1.4@rails4/gems/web-console-2.2.1/lib/web_console/templates/main.js.erb within layouts/javascript (0.6ms)
  Rendered /usr/local/rvm/gems/ruby-2.1.4@rails4/gems/web-console-2.2.1/lib/web_console/templates/error_page.js.erb within layouts/javascript (0.7ms)
  Rendered /usr/local/rvm/gems/ruby-2.1.4@rails4/gems/web-console-2.2.1/lib/web_console/templates/index.html.erb (182.4ms)


Started GET "/" for 109.238.244.74 at 2015-12-22 12:22:15 +0000
Cannot render console from 109.238.244.74! Allowed networks: 127.0.0.1, ::1, 127.0.0.0/127.255.255.255
Processing by RecipiesController#index as HTML
  Rendered recipies/index.html.erb within layouts/application (3.2ms)
Completed 500 Internal Server Error in 9ms (ActiveRecord: 0.0ms)

ActionView::Template::Error (undefined method `each' for nil:NilClass):
    4:     <th>Title</th>
    5:     <th>Soical rank of the recipe</th>
    6:   <tr>
    7:   <% @recipes.each do |recipe| %>
    8:     <tr>
    9:       <td><%= link_to(image_tag(recipe["image_url"], height: '100', width: '100'),recipe["source_url"]) %></td>
   10:       <td><%= link_to(sanitize(recipe["title"]),recipe["source_url"]) %></td>
  app/views/recipies/index.html.erb:7:in `_app_views_recipies_index_html_erb__248637927334695346_54859180'


  Rendered /usr/local/rvm/gems/ruby-2.1.4@rails4/gems/actionpack-4.2.4/lib/action_dispatch/middleware/templates/rescues/_source.erb (12.6ms)
  Rendered /usr/local/rvm/gems/ruby-2.1.4@rails4/gems/actionpack-4.2.4/lib/action_dispatch/middleware/templates/rescues/_trace.html.erb (4.0ms)
  Rendered /usr/local/rvm/gems/ruby-2.1.4@rails4/gems/actionpack-4.2.4/lib/action_dispatch/middleware/templates/rescues/_request_and_response.html.erb (25.1ms)
  Rendered /usr/local/rvm/gems/ruby-2.1.4@rails4/gems/actionpack-4.2.4/lib/action_dispatch/middleware/templates/rescues/template_error.html.erb within rescues/layout (126.3ms)


Started GET "/" for 109.238.244.74 at 2015-12-22 12:26:27 +0000
Cannot render console from 109.238.244.74! Allowed networks: 127.0.0.1, ::1, 127.0.0.0/127.255.255.255
Processing by RecipiesController#index as HTML
  Rendered recipies/index.html.erb within layouts/application (3.8ms)
Completed 500 Internal Server Error in 12ms (ActiveRecord: 0.0ms)

ActionView::Template::Error (undefined method `each' for nil:NilClass):
    4:     <th>Title</th>
    5:     <th>Soical rank of the recipe</th>
    6:   <tr>
    7:   <% @recipes.each do |recipe| %>
    8:     <tr>
    9:       <td><%= link_to(image_tag(recipe["image_url"], height: '100', width: '100'),recipe["source_url"]) %></td>
   10:       <td><%= link_to(sanitize(recipe["title"]),recipe["source_url"]) %></td>
  app/views/recipies/index.html.erb:7:in `_app_views_recipies_index_html_erb__248637927334695346_54859180'


  Rendered /usr/local/rvm/gems/ruby-2.1.4@rails4/gems/actionpack-4.2.4/lib/action_dispatch/middleware/templates/rescues/_source.erb (11.3ms)
  Rendered /usr/local/rvm/gems/ruby-2.1.4@rails4/gems/actionpack-4.2.4/lib/action_dispatch/middleware/templates/rescues/_trace.html.erb (3.3ms)
  Rendered /usr/local/rvm/gems/ruby-2.1.4@rails4/gems/actionpack-4.2.4/lib/action_dispatch/middleware/templates/rescues/_request_and_response.html.erb (1.3ms)
  Rendered /usr/local/rvm/gems/ruby-2.1.4@rails4/gems/actionpack-4.2.4/lib/action_dispatch/middleware/templates/rescues/template_error.html.erb within rescues/layout (97.6ms)


Started GET "/?search=mocha" for 127.0.0.1 at 2015-12-22 12:26:38 +0000
Processing by RecipiesController#index as HTML
  Parameters: {"search"=>"mocha"}
  Rendered recipies/index.html.erb within layouts/application (4.4ms)
Completed 500 Internal Server Error in 13ms (ActiveRecord: 0.0ms)

ActionView::Template::Error (undefined method `each' for nil:NilClass):
    4:     <th>Title</th>
    5:     <th>Soical rank of the recipe</th>
    6:   <tr>
    7:   <% @recipes.each do |recipe| %>
    8:     <tr>
    9:       <td><%= link_to(image_tag(recipe["image_url"], height: '100', width: '100'),recipe["source_url"]) %></td>
   10:       <td><%= link_to(sanitize(recipe["title"]),recipe["source_url"]) %></td>
  app/views/recipies/index.html.erb:7:in `_app_views_recipies_index_html_erb__248637927334695346_54859180'


  Rendered /usr/local/rvm/gems/ruby-2.1.4@rails4/gems/actionpack-4.2.4/lib/action_dispatch/middleware/templates/rescues/_source.erb (12.7ms)
  Rendered /usr/local/rvm/gems/ruby-2.1.4@rails4/gems/actionpack-4.2.4/lib/action_dispatch/middleware/templates/rescues/_trace.html.erb (9.1ms)
  Rendered /usr/local/rvm/gems/ruby-2.1.4@rails4/gems/actionpack-4.2.4/lib/action_dispatch/middleware/templates/rescues/_request_and_response.html.erb (1.2ms)
  Rendered /usr/local/rvm/gems/ruby-2.1.4@rails4/gems/actionpack-4.2.4/lib/action_dispatch/middleware/templates/rescues/template_error.html.erb within rescues/layout (128.2ms)
  Rendered /usr/local/rvm/gems/ruby-2.1.4@rails4/gems/web-console-2.2.1/lib/web_console/templates/_markup.html.erb (0.7ms)
  Rendered /usr/local/rvm/gems/ruby-2.1.4@rails4/gems/web-console-2.2.1/lib/web_console/templates/_inner_console_markup.html.erb within layouts/inlined_string (0.6ms)
  Rendered /usr/local/rvm/gems/ruby-2.1.4@rails4/gems/web-console-2.2.1/lib/web_console/templates/_prompt_box_markup.html.erb within layouts/inlined_string (0.6ms)
  Rendered /usr/local/rvm/gems/ruby-2.1.4@rails4/gems/web-console-2.2.1/lib/web_console/templates/style.css.erb within layouts/inlined_string (0.7ms)
  Rendered /usr/local/rvm/gems/ruby-2.1.4@rails4/gems/web-console-2.2.1/lib/web_console/templates/console.js.erb within layouts/javascript (117.0ms)
  Rendered /usr/local/rvm/gems/ruby-2.1.4@rails4/gems/web-console-2.2.1/lib/web_console/templates/main.js.erb within layouts/javascript (0.8ms)
  Rendered /usr/local/rvm/gems/ruby-2.1.4@rails4/gems/web-console-2.2.1/lib/web_console/templates/error_page.js.erb within layouts/javascript (0.8ms)
  Rendered /usr/local/rvm/gems/ruby-2.1.4@rails4/gems/web-console-2.2.1/lib/web_console/templates/index.html.erb (214.7ms)


Started GET "/" for 127.0.0.1 at 2015-12-22 12:26:41 +0000
Processing by RecipiesController#index as HTML
  Rendered recipies/index.html.erb within layouts/application (8.0ms)
Completed 500 Internal Server Error in 14ms (ActiveRecord: 0.0ms)

ActionView::Template::Error (undefined method `each' for nil:NilClass):
    4:     <th>Title</th>
    5:     <th>Soical rank of the recipe</th>
    6:   <tr>
    7:   <% @recipes.each do |recipe| %>
    8:     <tr>
    9:       <td><%= link_to(image_tag(recipe["image_url"], height: '100', width: '100'),recipe["source_url"]) %></td>
   10:       <td><%= link_to(sanitize(recipe["title"]),recipe["source_url"]) %></td>
  app/views/recipies/index.html.erb:7:in `_app_views_recipies_index_html_erb__248637927334695346_54859180'


  Rendered /usr/local/rvm/gems/ruby-2.1.4@rails4/gems/actionpack-4.2.4/lib/action_dispatch/middleware/templates/rescues/_source.erb (22.9ms)
  Rendered /usr/local/rvm/gems/ruby-2.1.4@rails4/gems/actionpack-4.2.4/lib/action_dispatch/middleware/templates/rescues/_trace.html.erb (3.3ms)
  Rendered /usr/local/rvm/gems/ruby-2.1.4@rails4/gems/actionpack-4.2.4/lib/action_dispatch/middleware/templates/rescues/_request_and_response.html.erb (1.3ms)
  Rendered /usr/local/rvm/gems/ruby-2.1.4@rails4/gems/actionpack-4.2.4/lib/action_dispatch/middleware/templates/rescues/template_error.html.erb within rescues/layout (120.8ms)
  Rendered /usr/local/rvm/gems/ruby-2.1.4@rails4/gems/web-console-2.2.1/lib/web_console/templates/_markup.html.erb (0.7ms)
  Rendered /usr/local/rvm/gems/ruby-2.1.4@rails4/gems/web-console-2.2.1/lib/web_console/templates/_inner_console_markup.html.erb within layouts/inlined_string (0.4ms)
  Rendered /usr/local/rvm/gems/ruby-2.1.4@rails4/gems/web-console-2.2.1/lib/web_console/templates/_prompt_box_markup.html.erb within layouts/inlined_string (0.5ms)
  Rendered /usr/local/rvm/gems/ruby-2.1.4@rails4/gems/web-console-2.2.1/lib/web_console/templates/style.css.erb within layouts/inlined_string (0.6ms)
  Rendered /usr/local/rvm/gems/ruby-2.1.4@rails4/gems/web-console-2.2.1/lib/web_console/templates/console.js.erb within layouts/javascript (72.8ms)
  Rendered /usr/local/rvm/gems/ruby-2.1.4@rails4/gems/web-console-2.2.1/lib/web_console/templates/main.js.erb within layouts/javascript (0.5ms)
  Rendered /usr/local/rvm/gems/ruby-2.1.4@rails4/gems/web-console-2.2.1/lib/web_console/templates/error_page.js.erb within layouts/javascript (0.7ms)
  Rendered /usr/local/rvm/gems/ruby-2.1.4@rails4/gems/web-console-2.2.1/lib/web_console/templates/index.html.erb (173.8ms)


Started GET "/" for 127.0.0.1 at 2015-12-22 12:26:44 +0000
Processing by RecipiesController#index as HTML
  Rendered recipies/index.html.erb within layouts/application (3.3ms)
Completed 500 Internal Server Error in 8ms (ActiveRecord: 0.0ms)

ActionView::Template::Error (undefined method `each' for nil:NilClass):
    4:     <th>Title</th>
    5:     <th>Soical rank of the recipe</th>
    6:   <tr>
    7:   <% @recipes.each do |recipe| %>
    8:     <tr>
    9:       <td><%= link_to(image_tag(recipe["image_url"], height: '100', width: '100'),recipe["source_url"]) %></td>
   10:       <td><%= link_to(sanitize(recipe["title"]),recipe["source_url"]) %></td>
  app/views/recipies/index.html.erb:7:in `_app_views_recipies_index_html_erb__248637927334695346_54859180'


  Rendered /usr/local/rvm/gems/ruby-2.1.4@rails4/gems/actionpack-4.2.4/lib/action_dispatch/middleware/templates/rescues/_source.erb (13.8ms)
  Rendered /usr/local/rvm/gems/ruby-2.1.4@rails4/gems/actionpack-4.2.4/lib/action_dispatch/middleware/templates/rescues/_trace.html.erb (3.5ms)
  Rendered /usr/local/rvm/gems/ruby-2.1.4@rails4/gems/actionpack-4.2.4/lib/action_dispatch/middleware/templates/rescues/_request_and_response.html.erb (1.2ms)
  Rendered /usr/local/rvm/gems/ruby-2.1.4@rails4/gems/actionpack-4.2.4/lib/action_dispatch/middleware/templates/rescues/template_error.html.erb within rescues/layout (94.7ms)
  Rendered /usr/local/rvm/gems/ruby-2.1.4@rails4/gems/web-console-2.2.1/lib/web_console/templates/_markup.html.erb (0.6ms)
  Rendered /usr/local/rvm/gems/ruby-2.1.4@rails4/gems/web-console-2.2.1/lib/web_console/templates/_inner_console_markup.html.erb within layouts/inlined_string (0.6ms)
  Rendered /usr/local/rvm/gems/ruby-2.1.4@rails4/gems/web-console-2.2.1/lib/web_console/templates/_prompt_box_markup.html.erb within layouts/inlined_string (0.5ms)
  Rendered /usr/local/rvm/gems/ruby-2.1.4@rails4/gems/web-console-2.2.1/lib/web_console/templates/style.css.erb within layouts/inlined_string (0.6ms)
  Rendered /usr/local/rvm/gems/ruby-2.1.4@rails4/gems/web-console-2.2.1/lib/web_console/templates/console.js.erb within layouts/javascript (81.5ms)
  Rendered /usr/local/rvm/gems/ruby-2.1.4@rails4/gems/web-console-2.2.1/lib/web_console/templates/main.js.erb within layouts/javascript (0.6ms)
  Rendered /usr/local/rvm/gems/ruby-2.1.4@rails4/gems/web-console-2.2.1/lib/web_console/templates/error_page.js.erb within layouts/javascript (0.6ms)
  Rendered /usr/local/rvm/gems/ruby-2.1.4@rails4/gems/web-console-2.2.1/lib/web_console/templates/index.html.erb (221.7ms)


Started GET "/" for 127.0.0.1 at 2015-12-22 12:26:46 +0000
Processing by RecipiesController#index as HTML
  Rendered recipies/index.html.erb within layouts/application (2.6ms)
Completed 500 Internal Server Error in 7ms (ActiveRecord: 0.0ms)

ActionView::Template::Error (undefined method `each' for nil:NilClass):
    4:     <th>Title</th>
    5:     <th>Soical rank of the recipe</th>
    6:   <tr>
    7:   <% @recipes.each do |recipe| %>
    8:     <tr>
    9:       <td><%= link_to(image_tag(recipe["image_url"], height: '100', width: '100'),recipe["source_url"]) %></td>
   10:       <td><%= link_to(sanitize(recipe["title"]),recipe["source_url"]) %></td>
  app/views/recipies/index.html.erb:7:in `_app_views_recipies_index_html_erb__248637927334695346_54859180'


  Rendered /usr/local/rvm/gems/ruby-2.1.4@rails4/gems/actionpack-4.2.4/lib/action_dispatch/middleware/templates/rescues/_source.erb (18.7ms)
  Rendered /usr/local/rvm/gems/ruby-2.1.4@rails4/gems/actionpack-4.2.4/lib/action_dispatch/middleware/templates/rescues/_trace.html.erb (3.0ms)
  Rendered /usr/local/rvm/gems/ruby-2.1.4@rails4/gems/actionpack-4.2.4/lib/action_dispatch/middleware/templates/rescues/_request_and_response.html.erb (1.7ms)
  Rendered /usr/local/rvm/gems/ruby-2.1.4@rails4/gems/actionpack-4.2.4/lib/action_dispatch/middleware/templates/rescues/template_error.html.erb within rescues/layout (110.2ms)
  Rendered /usr/local/rvm/gems/ruby-2.1.4@rails4/gems/web-console-2.2.1/lib/web_console/templates/_markup.html.erb (0.8ms)
  Rendered /usr/local/rvm/gems/ruby-2.1.4@rails4/gems/web-console-2.2.1/lib/web_console/templates/_inner_console_markup.html.erb within layouts/inlined_string (0.5ms)
  Rendered /usr/local/rvm/gems/ruby-2.1.4@rails4/gems/web-console-2.2.1/lib/web_console/templates/_prompt_box_markup.html.erb within layouts/inlined_string (0.4ms)
  Rendered /usr/local/rvm/gems/ruby-2.1.4@rails4/gems/web-console-2.2.1/lib/web_console/templates/style.css.erb within layouts/inlined_string (0.5ms)
  Rendered /usr/local/rvm/gems/ruby-2.1.4@rails4/gems/web-console-2.2.1/lib/web_console/templates/console.js.erb within layouts/javascript (70.6ms)
  Rendered /usr/local/rvm/gems/ruby-2.1.4@rails4/gems/web-console-2.2.1/lib/web_console/templates/main.js.erb within layouts/javascript (0.5ms)
  Rendered /usr/local/rvm/gems/ruby-2.1.4@rails4/gems/web-console-2.2.1/lib/web_console/templates/error_page.js.erb within layouts/javascript (0.6ms)
  Rendered /usr/local/rvm/gems/ruby-2.1.4@rails4/gems/web-console-2.2.1/lib/web_console/templates/index.html.erb (193.4ms)


Started GET "/" for 127.0.0.1 at 2015-12-22 12:26:49 +0000
Processing by RecipiesController#index as HTML
  Rendered recipies/index.html.erb within layouts/application (3.2ms)
Completed 500 Internal Server Error in 8ms (ActiveRecord: 0.0ms)

ActionView::Template::Error (undefined method `each' for nil:NilClass):
    4:     <th>Title</th>
    5:     <th>Soical rank of the recipe</th>
    6:   <tr>
    7:   <% @recipes.each do |recipe| %>
    8:     <tr>
    9:       <td><%= link_to(image_tag(recipe["image_url"], height: '100', width: '100'),recipe["source_url"]) %></td>
   10:       <td><%= link_to(sanitize(recipe["title"]),recipe["source_url"]) %></td>
  app/views/recipies/index.html.erb:7:in `_app_views_recipies_index_html_erb__248637927334695346_54859180'


  Rendered /usr/local/rvm/gems/ruby-2.1.4@rails4/gems/actionpack-4.2.4/lib/action_dispatch/middleware/templates/rescues/_source.erb (9.2ms)
  Rendered /usr/local/rvm/gems/ruby-2.1.4@rails4/gems/actionpack-4.2.4/lib/action_dispatch/middleware/templates/rescues/_trace.html.erb (2.7ms)
  Rendered /usr/local/rvm/gems/ruby-2.1.4@rails4/gems/actionpack-4.2.4/lib/action_dispatch/middleware/templates/rescues/_request_and_response.html.erb (1.2ms)
  Rendered /usr/local/rvm/gems/ruby-2.1.4@rails4/gems/actionpack-4.2.4/lib/action_dispatch/middleware/templates/rescues/template_error.html.erb within rescues/layout (91.0ms)
  Rendered /usr/local/rvm/gems/ruby-2.1.4@rails4/gems/web-console-2.2.1/lib/web_console/templates/_markup.html.erb (0.5ms)
  Rendered /usr/local/rvm/gems/ruby-2.1.4@rails4/gems/web-console-2.2.1/lib/web_console/templates/_inner_console_markup.html.erb within layouts/inlined_string (3.2ms)
  Rendered /usr/local/rvm/gems/ruby-2.1.4@rails4/gems/web-console-2.2.1/lib/web_console/templates/_prompt_box_markup.html.erb within layouts/inlined_string (0.5ms)
  Rendered /usr/local/rvm/gems/ruby-2.1.4@rails4/gems/web-console-2.2.1/lib/web_console/templates/style.css.erb within layouts/inlined_string (0.6ms)
  Rendered /usr/local/rvm/gems/ruby-2.1.4@rails4/gems/web-console-2.2.1/lib/web_console/templates/console.js.erb within layouts/javascript (90.8ms)
  Rendered /usr/local/rvm/gems/ruby-2.1.4@rails4/gems/web-console-2.2.1/lib/web_console/templates/main.js.erb within layouts/javascript (0.5ms)
  Rendered /usr/local/rvm/gems/ruby-2.1.4@rails4/gems/web-console-2.2.1/lib/web_console/templates/error_page.js.erb within layouts/javascript (0.6ms)
  Rendered /usr/local/rvm/gems/ruby-2.1.4@rails4/gems/web-console-2.2.1/lib/web_console/templates/index.html.erb (187.1ms)


Started GET "/" for 127.0.0.1 at 2015-12-22 12:26:51 +0000
Processing by RecipiesController#index as HTML
  Rendered recipies/index.html.erb within layouts/application (2.8ms)
Completed 500 Internal Server Error in 7ms (ActiveRecord: 0.0ms)

ActionView::Template::Error (undefined method `each' for nil:NilClass):
    4:     <th>Title</th>
    5:     <th>Soical rank of the recipe</th>
    6:   <tr>
    7:   <% @recipes.each do |recipe| %>
    8:     <tr>
    9:       <td><%= link_to(image_tag(recipe["image_url"], height: '100', width: '100'),recipe["source_url"]) %></td>
   10:       <td><%= link_to(sanitize(recipe["title"]),recipe["source_url"]) %></td>
  app/views/recipies/index.html.erb:7:in `_app_views_recipies_index_html_erb__248637927334695346_54859180'


  Rendered /usr/local/rvm/gems/ruby-2.1.4@rails4/gems/actionpack-4.2.4/lib/action_dispatch/middleware/templates/rescues/_source.erb (7.3ms)
  Rendered /usr/local/rvm/gems/ruby-2.1.4@rails4/gems/actionpack-4.2.4/lib/action_dispatch/middleware/templates/rescues/_trace.html.erb (19.4ms)
  Rendered /usr/local/rvm/gems/ruby-2.1.4@rails4/gems/actionpack-4.2.4/lib/action_dispatch/middleware/templates/rescues/_request_and_response.html.erb (1.3ms)
  Rendered /usr/local/rvm/gems/ruby-2.1.4@rails4/gems/actionpack-4.2.4/lib/action_dispatch/middleware/templates/rescues/template_error.html.erb within rescues/layout (116.7ms)
  Rendered /usr/local/rvm/gems/ruby-2.1.4@rails4/gems/web-console-2.2.1/lib/web_console/templates/_markup.html.erb (0.7ms)
  Rendered /usr/local/rvm/gems/ruby-2.1.4@rails4/gems/web-console-2.2.1/lib/web_console/templates/_inner_console_markup.html.erb within layouts/inlined_string (0.6ms)
  Rendered /usr/local/rvm/gems/ruby-2.1.4@rails4/gems/web-console-2.2.1/lib/web_console/templates/_prompt_box_markup.html.erb within layouts/inlined_string (0.6ms)
  Rendered /usr/local/rvm/gems/ruby-2.1.4@rails4/gems/web-console-2.2.1/lib/web_console/templates/style.css.erb within layouts/inlined_string (0.6ms)
  Rendered /usr/local/rvm/gems/ruby-2.1.4@rails4/gems/web-console-2.2.1/lib/web_console/templates/console.js.erb within layouts/javascript (109.4ms)
  Rendered /usr/local/rvm/gems/ruby-2.1.4@rails4/gems/web-console-2.2.1/lib/web_console/templates/main.js.erb within layouts/javascript (0.6ms)
  Rendered /usr/local/rvm/gems/ruby-2.1.4@rails4/gems/web-console-2.2.1/lib/web_console/templates/error_page.js.erb within layouts/javascript (0.7ms)
  Rendered /usr/local/rvm/gems/ruby-2.1.4@rails4/gems/web-console-2.2.1/lib/web_console/templates/index.html.erb (231.4ms)


Started GET "/" for 109.238.244.74 at 2015-12-22 12:28:21 +0000
Cannot render console from 109.238.244.74! Allowed networks: 127.0.0.1, ::1, 127.0.0.0/127.255.255.255
Processing by RecipiesController#index as HTML
  Rendered recipies/index.html.erb within layouts/application (3.0ms)
Completed 500 Internal Server Error in 9ms (ActiveRecord: 0.0ms)

ActionView::Template::Error (undefined method `each' for nil:NilClass):
    4:     <th>Title</th>
    5:     <th>Soical rank of the recipe</th>
    6:   <tr>
    7:   <% @recipes.each do |recipe| %>
    8:     <tr>
    9:       <td><%= link_to(image_tag(recipe["image_url"], height: '100', width: '100'),recipe["source_url"]) %></td>
   10:       <td><%= link_to(sanitize(recipe["title"]),recipe["source_url"]) %></td>
  app/views/recipies/index.html.erb:7:in `_app_views_recipies_index_html_erb__248637927334695346_54859180'


  Rendered /usr/local/rvm/gems/ruby-2.1.4@rails4/gems/actionpack-4.2.4/lib/action_dispatch/middleware/templates/rescues/_source.erb (13.6ms)
  Rendered /usr/local/rvm/gems/ruby-2.1.4@rails4/gems/actionpack-4.2.4/lib/action_dispatch/middleware/templates/rescues/_trace.html.erb (5.2ms)
  Rendered /usr/local/rvm/gems/ruby-2.1.4@rails4/gems/actionpack-4.2.4/lib/action_dispatch/middleware/templates/rescues/_request_and_response.html.erb (1.5ms)
  Rendered /usr/local/rvm/gems/ruby-2.1.4@rails4/gems/actionpack-4.2.4/lib/action_dispatch/middleware/templates/rescues/template_error.html.erb within rescues/layout (101.0ms)


Started GET "/" for 109.238.244.74 at 2015-12-22 12:28:37 +0000
Cannot render console from 109.238.244.74! Allowed networks: 127.0.0.1, ::1, 127.0.0.0/127.255.255.255
Processing by RecipiesController#index as HTML
Completed 500 Internal Server Error in 284ms (ActiveRecord: 0.0ms)

JSON::ParserError (795: unexpected token at 'FORBIDDEN'):
  app/models/recipe.rb:12:in `for'
  app/controllers/recipies_controller.rb:4:in `index'


  Rendered /usr/local/rvm/gems/ruby-2.1.4@rails4/gems/actionpack-4.2.4/lib/action_dispatch/middleware/templates/rescues/_source.erb (8.8ms)
  Rendered /usr/local/rvm/gems/ruby-2.1.4@rails4/gems/actionpack-4.2.4/lib/action_dispatch/middleware/templates/rescues/_trace.html.erb (2.6ms)
  Rendered /usr/local/rvm/gems/ruby-2.1.4@rails4/gems/actionpack-4.2.4/lib/action_dispatch/middleware/templates/rescues/_request_and_response.html.erb (1.1ms)
  Rendered /usr/local/rvm/gems/ruby-2.1.4@rails4/gems/actionpack-4.2.4/lib/action_dispatch/middleware/templates/rescues/diagnostics.html.erb within rescues/layout (76.2ms)


Started GET "/" for 109.238.244.74 at 2015-12-22 12:31:21 +0000
Cannot render console from 109.238.244.74! Allowed networks: 127.0.0.1, ::1, 127.0.0.0/127.255.255.255
Processing by RecipiesController#index as HTML
Completed 500 Internal Server Error in 250ms (ActiveRecord: 0.0ms)

JSON::ParserError (795: unexpected token at 'FORBIDDEN'):
  app/models/recipe.rb:12:in `for'
  app/controllers/recipies_controller.rb:4:in `index'


  Rendered /usr/local/rvm/gems/ruby-2.1.4@rails4/gems/actionpack-4.2.4/lib/action_dispatch/middleware/templates/rescues/_source.erb (28.0ms)
  Rendered /usr/local/rvm/gems/ruby-2.1.4@rails4/gems/actionpack-4.2.4/lib/action_dispatch/middleware/templates/rescues/_trace.html.erb (2.5ms)
  Rendered /usr/local/rvm/gems/ruby-2.1.4@rails4/gems/actionpack-4.2.4/lib/action_dispatch/middleware/templates/rescues/_request_and_response.html.erb (1.2ms)
  Rendered /usr/local/rvm/gems/ruby-2.1.4@rails4/gems/actionpack-4.2.4/lib/action_dispatch/middleware/templates/rescues/diagnostics.html.erb within rescues/layout (132.2ms)


Started GET "/" for 109.238.244.74 at 2015-12-22 12:31:27 +0000
Cannot render console from 109.238.244.74! Allowed networks: 127.0.0.1, ::1, 127.0.0.0/127.255.255.255
Processing by RecipiesController#index as HTML
Completed 500 Internal Server Error in 284ms (ActiveRecord: 0.0ms)

JSON::ParserError (795: unexpected token at 'FORBIDDEN'):
  app/models/recipe.rb:12:in `for'
  app/controllers/recipies_controller.rb:4:in `index'


  Rendered /usr/local/rvm/gems/ruby-2.1.4@rails4/gems/actionpack-4.2.4/lib/action_dispatch/middleware/templates/rescues/_source.erb (6.3ms)
  Rendered /usr/local/rvm/gems/ruby-2.1.4@rails4/gems/actionpack-4.2.4/lib/action_dispatch/middleware/templates/rescues/_trace.html.erb (2.7ms)
  Rendered /usr/local/rvm/gems/ruby-2.1.4@rails4/gems/actionpack-4.2.4/lib/action_dispatch/middleware/templates/rescues/_request_and_response.html.erb (1.0ms)
  Rendered /usr/local/rvm/gems/ruby-2.1.4@rails4/gems/actionpack-4.2.4/lib/action_dispatch/middleware/templates/rescues/diagnostics.html.erb within rescues/layout (83.7ms)


Started GET "/" for 109.238.244.74 at 2015-12-22 12:31:30 +0000
Cannot render console from 109.238.244.74! Allowed networks: 127.0.0.1, ::1, 127.0.0.0/127.255.255.255
Processing by RecipiesController#index as HTML
Completed 500 Internal Server Error in 226ms (ActiveRecord: 0.0ms)

JSON::ParserError (795: unexpected token at 'FORBIDDEN'):
  app/models/recipe.rb:12:in `for'
  app/controllers/recipies_controller.rb:4:in `index'


  Rendered /usr/local/rvm/gems/ruby-2.1.4@rails4/gems/actionpack-4.2.4/lib/action_dispatch/middleware/templates/rescues/_source.erb (12.4ms)
  Rendered /usr/local/rvm/gems/ruby-2.1.4@rails4/gems/actionpack-4.2.4/lib/action_dispatch/middleware/templates/rescues/_trace.html.erb (3.1ms)
  Rendered /usr/local/rvm/gems/ruby-2.1.4@rails4/gems/actionpack-4.2.4/lib/action_dispatch/middleware/templates/rescues/_request_and_response.html.erb (1.5ms)
  Rendered /usr/local/rvm/gems/ruby-2.1.4@rails4/gems/actionpack-4.2.4/lib/action_dispatch/middleware/templates/rescues/diagnostics.html.erb within rescues/layout (99.7ms)


Started GET "/" for 109.238.244.74 at 2015-12-22 12:31:32 +0000
Cannot render console from 109.238.244.74! Allowed networks: 127.0.0.1, ::1, 127.0.0.0/127.255.255.255
Processing by RecipiesController#index as HTML
Completed 500 Internal Server Error in 264ms (ActiveRecord: 0.0ms)

JSON::ParserError (795: unexpected token at 'FORBIDDEN'):
  app/models/recipe.rb:12:in `for'
  app/controllers/recipies_controller.rb:4:in `index'


  Rendered /usr/local/rvm/gems/ruby-2.1.4@rails4/gems/actionpack-4.2.4/lib/action_dispatch/middleware/templates/rescues/_source.erb (5.6ms)
  Rendered /usr/local/rvm/gems/ruby-2.1.4@rails4/gems/actionpack-4.2.4/lib/action_dispatch/middleware/templates/rescues/_trace.html.erb (2.7ms)
  Rendered /usr/local/rvm/gems/ruby-2.1.4@rails4/gems/actionpack-4.2.4/lib/action_dispatch/middleware/templates/rescues/_request_and_response.html.erb (1.1ms)
  Rendered /usr/local/rvm/gems/ruby-2.1.4@rails4/gems/actionpack-4.2.4/lib/action_dispatch/middleware/templates/rescues/diagnostics.html.erb within rescues/layout (88.0ms)


Started GET "/" for 109.238.244.74 at 2015-12-22 12:34:39 +0000
Cannot render console from 109.238.244.74! Allowed networks: 127.0.0.1, ::1, 127.0.0.0/127.255.255.255
Processing by RecipiesController#index as HTML
  Rendered recipies/index.html.erb within layouts/application (137.0ms)
Completed 200 OK in 2366ms (Views: 1552.2ms | ActiveRecord: 0.0ms)


Started GET "/assets/recipies.self-e3b0c44298fc1c149afbf4c8996fb92427ae41e4649b934ca495991b7852b855.css?body=1" for 109.238.244.74 at 2015-12-22 12:34:42 +0000
Cannot render console from 109.238.244.74! Allowed networks: 127.0.0.1, ::1, 127.0.0.0/127.255.255.255


Started GET "/assets/application.self-e80e8f2318043e8af94dddc2adad5a4f09739a8ebb323b3ab31cd71d45fd9113.css?body=1" for 109.238.244.74 at 2015-12-22 12:34:42 +0000
Cannot render console from 109.238.244.74! Allowed networks: 127.0.0.1, ::1, 127.0.0.0/127.255.255.255


Started GET "/assets/jquery.self-a714331225dda820228db323939889f149aec0127aeb06255646b616ba1ca419.js?body=1" for 109.238.244.74 at 2015-12-22 12:34:42 +0000
Cannot render console from 109.238.244.74! Allowed networks: 127.0.0.1, ::1, 127.0.0.0/127.255.255.255


Started GET "/assets/jquery_ujs.self-d456baa54c1fa6be2ec3711f0a72ddf7a5b2f34a6b4f515f33767d6207b7d4b3.js?body=1" for 109.238.244.74 at 2015-12-22 12:34:42 +0000
Cannot render console from 109.238.244.74! Allowed networks: 127.0.0.1, ::1, 127.0.0.0/127.255.255.255


Started GET "/assets/turbolinks.self-c37727e9bd6b2735da5c311aa83fead54ed0be6cc8bd9a65309e9c5abe2cbfff.js?body=1" for 109.238.244.74 at 2015-12-22 12:34:42 +0000
Cannot render console from 109.238.244.74! Allowed networks: 127.0.0.1, ::1, 127.0.0.0/127.255.255.255


Started GET "/assets/application.self-3b8dabdc891efe46b9a144b400ad69e37d7e5876bdc39dee783419a69d7ca819.js?body=1" for 109.238.244.74 at 2015-12-22 12:34:42 +0000
Cannot render console from 109.238.244.74! Allowed networks: 127.0.0.1, ::1, 127.0.0.0/127.255.255.255


Started GET "/assets/recipies.self-877aef30ae1b040ab8a3aba4e3e309a11d7f2612f44dde450b5c157aa5f95c05.js?body=1" for 109.238.244.74 at 2015-12-22 12:34:42 +0000
Cannot render console from 109.238.244.74! Allowed networks: 127.0.0.1, ::1, 127.0.0.0/127.255.255.255


Started GET "/?search=mocha" for 127.0.0.1 at 2015-12-22 12:35:03 +0000
Processing by RecipiesController#index as HTML
  Parameters: {"search"=>"mocha"}
  Rendered recipies/index.html.erb within layouts/application (28.9ms)
Completed 200 OK in 1710ms (Views: 57.7ms | ActiveRecord: 0.0ms)


Started GET "/assets/application.self-e80e8f2318043e8af94dddc2adad5a4f09739a8ebb323b3ab31cd71d45fd9113.css?body=1" for 127.0.0.1 at 2015-12-22 12:35:05 +0000


Started GET "/assets/recipies.self-e3b0c44298fc1c149afbf4c8996fb92427ae41e4649b934ca495991b7852b855.css?body=1" for 127.0.0.1 at 2015-12-22 12:35:05 +0000


Started GET "/assets/jquery.self-a714331225dda820228db323939889f149aec0127aeb06255646b616ba1ca419.js?body=1" for 127.0.0.1 at 2015-12-22 12:35:05 +0000


Started GET "/assets/recipies.self-877aef30ae1b040ab8a3aba4e3e309a11d7f2612f44dde450b5c157aa5f95c05.js?body=1" for 127.0.0.1 at 2015-12-22 12:35:05 +0000


Started GET "/assets/jquery_ujs.self-d456baa54c1fa6be2ec3711f0a72ddf7a5b2f34a6b4f515f33767d6207b7d4b3.js?body=1" for 127.0.0.1 at 2015-12-22 12:35:05 +0000


Started GET "/assets/turbolinks.self-c37727e9bd6b2735da5c311aa83fead54ed0be6cc8bd9a65309e9c5abe2cbfff.js?body=1" for 127.0.0.1 at 2015-12-22 12:35:05 +0000


Started GET "/assets/application.self-3b8dabdc891efe46b9a144b400ad69e37d7e5876bdc39dee783419a69d7ca819.js?body=1" for 127.0.0.1 at 2015-12-22 12:35:05 +0000


Started GET "/" for 127.0.0.1 at 2015-12-22 12:35:08 +0000
Processing by RecipiesController#index as HTML
  Rendered recipies/index.html.erb within layouts/application (147.0ms)
Completed 200 OK in 932ms (Views: 184.2ms | ActiveRecord: 0.0ms)


Started GET "/" for 127.0.0.1 at 2015-12-22 12:35:11 +0000
Processing by RecipiesController#index as HTML
  Rendered recipies/index.html.erb within layouts/application (32.7ms)
Completed 200 OK in 770ms (Views: 65.2ms | ActiveRecord: 0.0ms)


Started GET "/" for 127.0.0.1 at 2015-12-22 12:35:12 +0000
Processing by RecipiesController#index as HTML
  Rendered recipies/index.html.erb within layouts/application (29.4ms)
Completed 200 OK in 767ms (Views: 59.9ms | ActiveRecord: 0.0ms)


Started GET "/" for 127.0.0.1 at 2015-12-22 12:35:13 +0000
Processing by RecipiesController#index as HTML
  Rendered recipies/index.html.erb within layouts/application (27.9ms)
Completed 200 OK in 814ms (Views: 58.0ms | ActiveRecord: 0.0ms)


Started GET "/" for 127.0.0.1 at 2015-12-22 12:35:14 +0000
Processing by RecipiesController#index as HTML
  Rendered recipies/index.html.erb within layouts/application (25.3ms)
Completed 200 OK in 760ms (Views: 67.1ms | ActiveRecord: 0.0ms)
